# JRE version: OpenJDK Runtime Environment 18.9 (11.0.11+9) (build 11.0.11+9)
# Java VM: OpenJDK 64-Bit Server VM 18.9 (11.0.11+9, mixed mode, tiered, compressed oops, g1 gc, windows-amd64)
Heap:
 garbage-first heap   total 315392K, used 176936K [0x0000000740000000, 0x0000000800000000)
  region size 1024K, 9 young (9216K), 5 survivors (5120K)
 Metaspace       used 121182K, capacity 122718K, committed 125648K, reserved 1157120K
  class space    used 16030K, capacity 16614K, committed 17616K, reserved 1048576K
GC Heap History (20 events):
Event: 313298.269 GC heap before
{Heap before GC invocations=1161 (full 59):
 garbage-first heap   total 315392K, used 228594K [0x0000000740000000, 0x0000000800000000)
  region size 1024K, 60 young (61440K), 3 survivors (3072K)
 Metaspace       used 121174K, capacity 122718K, committed 125648K, reserved 1157120K
  class space    used 16029K, capacity 16614K, committed 17616K, reserved 1048576K
}
Event: 313298.271 GC heap after
{Heap after GC invocations=1162 (full 59):
 garbage-first heap   total 315392K, used 170242K [0x0000000740000000, 0x0000000800000000)
  region size 1024K, 3 young (3072K), 3 survivors (3072K)
 Metaspace       used 121174K, capacity 122718K, committed 125648K, reserved 1157120K
  class space    used 16029K, capacity 16614K, committed 17616K, reserved 1048576K
}
Event: 313298.383 GC heap before
{Heap before GC invocations=1162 (full 59):
 garbage-first heap   total 315392K, used 228610K [0x0000000740000000, 0x0000000800000000)
  region size 1024K, 60 young (61440K), 3 survivors (3072K)
 Metaspace       used 121174K, capacity 122718K, committed 125648K, reserved 1157120K
  class space    used 16029K, capacity 16614K, committed 17616K, reserved 1048576K
}
Event: 313298.384 GC heap after
{Heap after GC invocations=1163 (full 59):
 garbage-first heap   total 315392K, used 170443K [0x0000000740000000, 0x0000000800000000)
  region size 1024K, 3 young (3072K), 3 survivors (3072K)
 Metaspace       used 121174K, capacity 122718K, committed 125648K, reserved 1157120K
  class space    used 16029K, capacity 16614K, committed 17616K, reserved 1048576K
}
Event: 313299.037 GC heap before
{Heap before GC invocations=1163 (full 59):
 garbage-first heap   total 315392K, used 228811K [0x0000000740000000, 0x0000000800000000)
  region size 1024K, 60 young (61440K), 3 survivors (3072K)
 Metaspace       used 121174K, capacity 122718K, committed 125648K, reserved 1157120K
  class space    used 16029K, capacity 16614K, committed 17616K, reserved 1048576K
}
Event: 313299.039 GC heap after
{Heap after GC invocations=1164 (full 59):
 garbage-first heap   total 315392K, used 170391K [0x0000000740000000, 0x0000000800000000)
  region size 1024K, 3 young (3072K), 3 survivors (3072K)
 Metaspace       used 121174K, capacity 122718K, committed 125648K, reserved 1157120K
  class space    used 16029K, capacity 16614K, committed 17616K, reserved 1048576K
}
Event: 313300.407 GC heap before
{Heap before GC invocations=1164 (full 59):
 garbage-first heap   total 315392K, used 228759K [0x0000000740000000, 0x0000000800000000)
  region size 1024K, 60 young (61440K), 3 survivors (3072K)
 Metaspace       used 121176K, capacity 122718K, committed 125648K, reserved 1157120K
  class space    used 16029K, capacity 16614K, committed 17616K, reserved 1048576K
}
Event: 313300.410 GC heap after
{Heap after GC invocations=1165 (full 59):
 garbage-first heap   total 315392K, used 170972K [0x0000000740000000, 0x0000000800000000)
  region size 1024K, 3 young (3072K), 3 survivors (3072K)
 Metaspace       used 121176K, capacity 122718K, committed 125648K, reserved 1157120K
  class space    used 16029K, capacity 16614K, committed 17616K, reserved 1048576K
}
Event: 313300.481 GC heap before
{Heap before GC invocations=1165 (full 59):
 garbage-first heap   total 315392K, used 229340K [0x0000000740000000, 0x0000000800000000)
  region size 1024K, 60 young (61440K), 3 survivors (3072K)
 Metaspace       used 121176K, capacity 122718K, committed 125648K, reserved 1157120K
  class space    used 16029K, capacity 16614K, committed 17616K, reserved 1048576K
}
Event: 313300.482 GC heap after
{Heap after GC invocations=1166 (full 59):
 garbage-first heap   total 315392K, used 171068K [0x0000000740000000, 0x0000000800000000)
  region size 1024K, 3 young (3072K), 3 survivors (3072K)
 Metaspace       used 121176K, capacity 122718K, committed 125648K, reserved 1157120K
  class space    used 16029K, capacity 16614K, committed 17616K, reserved 1048576K
}
Event: 313300.591 GC heap before
{Heap before GC invocations=1166 (full 59):
 garbage-first heap   total 315392K, used 229436K [0x0000000740000000, 0x0000000800000000)
  region size 1024K, 60 young (61440K), 3 survivors (3072K)
 Metaspace       used 121176K, capacity 122718K, committed 125648K, reserved 1157120K
  class space    used 16029K, capacity 16614K, committed 17616K, reserved 1048576K
}
Event: 313300.593 GC heap after
{Heap after GC invocations=1167 (full 59):
 garbage-first heap   total 315392K, used 171679K [0x0000000740000000, 0x0000000800000000)
  region size 1024K, 4 young (4096K), 4 survivors (4096K)
 Metaspace       used 121176K, capacity 122718K, committed 125648K, reserved 1157120K
  class space    used 16029K, capacity 16614K, committed 17616K, reserved 1048576K
}
Event: 313300.707 GC heap before
{Heap before GC invocations=1167 (full 59):
 garbage-first heap   total 315392K, used 229023K [0x0000000740000000, 0x0000000800000000)
  region size 1024K, 60 young (61440K), 4 survivors (4096K)
 Metaspace       used 121176K, capacity 122718K, committed 125648K, reserved 1157120K
  class space    used 16029K, capacity 16614K, committed 17616K, reserved 1048576K
}
Event: 313300.709 GC heap after
{Heap after GC invocations=1168 (full 59):
 garbage-first heap   total 315392K, used 171940K [0x0000000740000000, 0x0000000800000000)
  region size 1024K, 4 young (4096K), 4 survivors (4096K)
 Metaspace       used 121176K, capacity 122718K, committed 125648K, reserved 1157120K
  class space    used 16029K, capacity 16614K, committed 17616K, reserved 1048576K
}
Event: 313300.944 GC heap before
{Heap before GC invocations=1168 (full 59):
 garbage-first heap   total 315392K, used 229284K [0x0000000740000000, 0x0000000800000000)
  region size 1024K, 60 young (61440K), 4 survivors (4096K)
 Metaspace       used 121180K, capacity 122718K, committed 125648K, reserved 1157120K
  class space    used 16030K, capacity 16614K, committed 17616K, reserved 1048576K
}
Event: 313300.947 GC heap after
{Heap after GC invocations=1169 (full 59):
 garbage-first heap   total 315392K, used 173610K [0x0000000740000000, 0x0000000800000000)
  region size 1024K, 6 young (6144K), 6 survivors (6144K)
 Metaspace       used 121180K, capacity 122718K, committed 125648K, reserved 1157120K
  class space    used 16030K, capacity 16614K, committed 17616K, reserved 1048576K
}
Event: 313301.407 GC heap before
{Heap before GC invocations=1169 (full 59):
 garbage-first heap   total 315392K, used 228906K [0x0000000740000000, 0x0000000800000000)
  region size 1024K, 60 young (61440K), 6 survivors (6144K)
 Metaspace       used 121182K, capacity 122718K, committed 125648K, reserved 1157120K
  class space    used 16030K, capacity 16614K, committed 17616K, reserved 1048576K
}
Event: 313301.410 GC heap after
{Heap after GC invocations=1170 (full 59):
 garbage-first heap   total 315392K, used 173718K [0x0000000740000000, 0x0000000800000000)
  region size 1024K, 5 young (5120K), 5 survivors (5120K)
 Metaspace       used 121182K, capacity 122718K, committed 125648K, reserved 1157120K
  class space    used 16030K, capacity 16614K, committed 17616K, reserved 1048576K
}
Event: 313303.941 GC heap before
{Heap before GC invocations=1170 (full 59):
 garbage-first heap   total 315392K, used 230038K [0x0000000740000000, 0x0000000800000000)
  region size 1024K, 60 young (61440K), 5 survivors (5120K)
 Metaspace       used 121182K, capacity 122718K, committed 125648K, reserved 1157120K
  class space    used 16030K, capacity 16614K, committed 17616K, reserved 1048576K
}
Event: 313303.943 GC heap after
{Heap after GC invocations=1171 (full 59):
 garbage-first heap   total 315392K, used 173864K [0x0000000740000000, 0x0000000800000000)
  region size 1024K, 5 young (5120K), 5 survivors (5120K)
 Metaspace       used 121182K, capacity 122718K, committed 125648K, reserved 1157120K
  class space    used 16030K, capacity 16614K, committed 17616K, reserved 1048576K
}

